<?xml version="1.0" encoding="UTF-8"?>
<!-- Generated by org.testng.reporters.JUnitReportReporter -->
<testsuite hostname="IndudharaGowdaacer" failures="0" tests="1" name="com.crm.scripts.TestInvalidLoginPage" time="23.442" errors="0" timestamp="18 Mar 2020 11:44:32 GMT">
  <testcase classname="com.crm.scripts.TestInvalidLoginPage" name="test_InvalidLogin" time="23.442"/>
</testsuite> <!-- com.crm.scripts.TestInvalidLoginPage -->
