<?xml version="1.0" encoding="UTF-8"?>
<!-- Generated by org.testng.reporters.JUnitReportReporter -->
<testsuite hostname="IndudharaGowdaacer" failures="0" tests="1" name="com.crm.scripts.TestValidLoginPage" time="8.202" errors="0" timestamp="18 Mar 2020 07:19:00 GMT">
  <testcase classname="com.crm.scripts.TestValidLoginPage" name="test_ValidLoginPage" time="8.202"/>
</testsuite> <!-- com.crm.scripts.TestValidLoginPage -->
