<?xml version="1.0" encoding="UTF-8"?>
<!-- Generated by org.testng.reporters.JUnitReportReporter -->
<testsuite hostname="IndudharaGowdaacer" failures="0" tests="1" name="com.crm.scripts.TestCreateCampaign" time="16.406" errors="0" timestamp="18 Mar 2020 13:27:55 GMT">
  <testcase classname="com.crm.scripts.TestCreateCampaign" name="test_CreateCampaign" time="16.406"/>
</testsuite> <!-- com.crm.scripts.TestCreateCampaign -->
