<?xml version="1.0" encoding="UTF-8"?>
<!-- Generated by org.testng.reporters.JUnitReportReporter -->
<testsuite hostname="IndudharaGowdaacer" failures="0" tests="1" name="com.HybridFW.scripts.TestIssueDate" time="8.079" errors="0" timestamp="18 Mar 2020 12:32:44 GMT">
  <testcase classname="com.HybridFW.scripts.TestIssueDate" name="test_IssueDate" time="8.079"/>
</testsuite> <!-- com.HybridFW.scripts.TestIssueDate -->
