<?xml version="1.0" encoding="UTF-8"?>
<!-- Generated by org.testng.reporters.JUnitReportReporter -->
<testsuite hostname="IndudharaGowdaacer" failures="0" tests="1" name="com.HybridFW.scripts.TestCreateProject" time="14.169" errors="0" timestamp="18 Mar 2020 06:31:18 GMT">
  <testcase classname="com.HybridFW.scripts.TestCreateProject" name="test_CreateProject" time="14.169"/>
</testsuite> <!-- com.HybridFW.scripts.TestCreateProject -->
