<?xml version="1.0" encoding="UTF-8"?>
<!-- Generated by org.testng.reporters.JUnitReportReporter -->
<testsuite hostname="DESKTOP-8POMCKJ" failures="0" tests="4" name="com.HybridFW.scripts.TestLoginPagee" time="6.848" errors="0" timestamp="20 Jun 2020 07:04:02 GMT">
  <testcase classname="com.HybridFW.scripts.TestLoginPagee" name="testInvalidLoginPage" time="1.034"/>
  <testcase classname="com.HybridFW.scripts.TestLoginPagee" name="testInvalidLoginPage" time="0.999"/>
  <testcase classname="com.HybridFW.scripts.TestLoginPagee" name="testValidLoginPage" time="3.738"/>
  <testcase classname="com.HybridFW.scripts.TestLoginPagee" name="testInvalidLoginPage" time="1.077"/>
</testsuite> <!-- com.HybridFW.scripts.TestLoginPagee -->
