<?xml version="1.0" encoding="UTF-8"?>
<!-- Generated by org.testng.reporters.JUnitReportReporter -->
<testsuite hostname="IndudharaGowdaacer" failures="0" tests="1" name="com.HybridFW.scripts.TestCreateTask" time="15.089" errors="0" timestamp="18 Mar 2020 06:31:18 GMT">
  <testcase classname="com.HybridFW.scripts.TestCreateTask" name="test_CreateTask" time="15.089"/>
</testsuite> <!-- com.HybridFW.scripts.TestCreateTask -->
