<?xml version="1.0" encoding="UTF-8"?>
<!-- Generated by org.testng.reporters.JUnitReportReporter -->
<testsuite hostname="IndudharaGowdaacer" failures="0" tests="1" name="com.HybridFW.scripts.TestProductEdition" time="7.758" errors="0" timestamp="18 Mar 2020 06:36:25 GMT">
  <testcase classname="com.HybridFW.scripts.TestProductEdition" name="test_ProductEdition" time="7.758"/>
</testsuite> <!-- com.HybridFW.scripts.TestProductEdition -->
