<?xml version="1.0" encoding="UTF-8"?>
<!-- Generated by org.testng.reporters.JUnitReportReporter -->
<testsuite hostname="IndudharaGowdaacer" failures="0" tests="1" name="com.HybridFW.scripts.TestValidLogin" time="6.966" errors="0" timestamp="3 Mar 2020 17:42:41 GMT">
  <testcase classname="com.HybridFW.scripts.TestValidLogin" name="testValidLogin" time="6.966"/>
</testsuite> <!-- com.HybridFW.scripts.TestValidLogin -->
