<?xml version="1.0" encoding="UTF-8"?>
<!-- Generated by org.testng.reporters.JUnitReportReporter -->
<testsuite hostname="DESKTOP-8POMCKJ" failures="0" tests="2" name="com.HybridFW.scripts.DemoTestLoginPage" time="5.696" errors="0" timestamp="10 Jun 2020 09:51:00 GMT">
  <testcase classname="com.HybridFW.scripts.DemoTestLoginPage" name="validLogin_test" time="4.783"/>
  <testcase classname="com.HybridFW.scripts.DemoTestLoginPage" name="invalidLogin_test" time="0.913"/>
</testsuite> <!-- com.HybridFW.scripts.DemoTestLoginPage -->
